<?xml version="1.0" encoding="UTF-8"?>
<!-- Generated by org.testng.reporters.JUnitXMLReporter -->
<testsuite ignored="0" hostname="Vishals-MacBook-Pro.local" failures="0" tests="5" name="arsenal" time="0.049" errors="0" timestamp="2020-05-30T01:24:08 IST">
  <testcase classname="test.day1" name="arse1" time="0.005"/>
  <testcase classname="test.day1" name="arse2" time="0.002"/>
  <testcase classname="test.day1" name="arse2" time="0.002"/>
  <testcase classname="test.day1" name="arse2" time="0.003"/>
  <testcase classname="test.day2" name="arse3" time="0.001"/>
</testsuite> <!-- arsenal -->
