<?xml version="1.0" encoding="UTF-8"?>
<!-- Generated by org.testng.reporters.JUnitXMLReporter -->
<testsuite ignored="1" hostname="Vishals-MacBook-Pro.local" failures="0" tests="5" name="chelsea" time="0.025" errors="0" timestamp="2020-05-30T01:24:08 IST">
  <testcase classname="test.day3" name="africans1" time="0.001"/>
  <testcase classname="test.day3" name="africans2" time="0.001"/>
  <testcase classname="test.day3" name="chel2" time="0.001"/>
  <testcase classname="test.day3" name="chel1" time="0.002"/>
  <testcase classname="test.day3" name="africans3" time="0.002"/>
  <testcase classname="test.day3" name="chel3" time="0.0">
    <ignored/>
  </testcase> <!-- chel3 -->
</testsuite> <!-- chelsea -->
